<?xml version="1.0" encoding="UTF-8"?>
<!-- Generated by org.testng.reporters.JUnitXMLReporter -->
<testsuite ignored="0" hostname="FFE-Gayatri" failures="1" tests="2" name="Error Validations" time="6.954" errors="0" timestamp="2025-03-21T21:40:19 IST">
  <testcase classname="frameworkexample.copy.errorValidations7" name="submitOrder" time="2.781">
    <skipped/>
  </testcase> <!-- submitOrder -->
  <testcase classname="frameworkexample.copy.errorValidations7" name="submitOrder" time="3.721">
    <failure type="java.lang.AssertionError" message="expected [Incorrect email password.] but found [Incorrect email or password.]">
      <![CDATA[java.lang.AssertionError: expected [Incorrect email password.] but found [Incorrect email or password.]
at frameworkexample.copy.errorValidations7.submitOrder(errorValidations7.java:22)
at java.base/java.util.ArrayList.forEach(ArrayList.java:1511)
... Removed 33 stack frames]]>
    </failure>
  </testcase> <!-- submitOrder -->
</testsuite> <!-- Error Validations -->
